

***********************************************************************
Fatal NI connect error 12541, connecting to:
 (DESCRIPTION=(ADDRESS=(PROTOCOL=TCP)(HOST=10.1.0.5)(PORT=1521))(CONNECT_DATA=(SID=SAIA)(CID=(PROGRAM=httpd)(HOST=intranet)(USER=apache))))

  VERSION INFORMATION:
	TNS for Linux: Version 10.2.0.3.0 - Production
	TCP/IP NT Protocol Adapter for Linux: Version 10.2.0.3.0 - Production
  Time: 22-APR-2014 14:15:00
  Tracing not turned on.
  Tns error struct:
    ns main err code: 12541
    TNS-12541: Message 12541 not found; No message file for product=network, facility=TNS
    ns secondary err code: 12560
    nt main err code: 511
    TNS-00511: Message 511 not found; No message file for product=network, facility=TNS
    nt secondary err code: 111
    nt OS err code: 0


***********************************************************************
Fatal NI connect error 12541, connecting to:
 (DESCRIPTION=(ADDRESS=(PROTOCOL=TCP)(HOST=10.1.0.5)(PORT=1521))(CONNECT_DATA=(SID=SAIA)(CID=(PROGRAM=httpd)(HOST=intranet)(USER=apache))))

  VERSION INFORMATION:
	TNS for Linux: Version 10.2.0.3.0 - Production
	TCP/IP NT Protocol Adapter for Linux: Version 10.2.0.3.0 - Production
  Time: 22-APR-2014 14:53:00
  Tracing not turned on.
  Tns error struct:
    ns main err code: 12541
    TNS-12541: Message 12541 not found; No message file for product=network, facility=TNS
    ns secondary err code: 12560
    nt main err code: 511
    TNS-00511: Message 511 not found; No message file for product=network, facility=TNS
    nt secondary err code: 111
    nt OS err code: 0


***********************************************************************
Fatal NI connect error 12541, connecting to:
 (DESCRIPTION=(ADDRESS=(PROTOCOL=TCP)(HOST=10.1.0.5)(PORT=1521))(CONNECT_DATA=(SID=SAIA)(CID=(PROGRAM=httpd)(HOST=intranet)(USER=apache))))

  VERSION INFORMATION:
	TNS for Linux: Version 10.2.0.3.0 - Production
	TCP/IP NT Protocol Adapter for Linux: Version 10.2.0.3.0 - Production
  Time: 02-MAY-2014 14:55:12
  Tracing not turned on.
  Tns error struct:
    ns main err code: 12541
    TNS-12541: Message 12541 not found; No message file for product=network, facility=TNS
    ns secondary err code: 12560
    nt main err code: 511
    TNS-00511: Message 511 not found; No message file for product=network, facility=TNS
    nt secondary err code: 111
    nt OS err code: 0
